12540 execve("/usr/bin/sh", ["sh"], 0x7ffc7e55e118 /* 26 vars */) = 0
12540 brk(NULL)                         = 0x55a8947ec000
12540 arch_prctl(0x3001 /* ARCH_??? */, 0x7ffcacff1ef0) = -1 EINVAL (Invalid argument)
12540 mmap(NULL, 8192, PROT_READ|PROT_WRITE, MAP_PRIVATE|MAP_ANONYMOUS, -1, 0) = 0x7feffacee000
12540 access("/etc/ld.so.preload", R_OK) = -1 ENOENT (No such file or directory)
12540 openat(AT_FDCWD, "/etc/ld.so.cache", O_RDONLY|O_CLOEXEC) = 3
12540 newfstatat(3, "", {st_mode=S_IFREG|0644, st_size=36235, ...}, AT_EMPTY_PATH) = 0
12540 mmap(NULL, 36235, PROT_READ, MAP_PRIVATE, 3, 0) = 0x7fefface5000
12540 close(3)                          = 0
12540 openat(AT_FDCWD, "/lib/x86_64-linux-gnu/libc.so.6", O_RDONLY|O_CLOEXEC) = 3
12540 read(3, "\177ELF\2\1\1\3\0\0\0\0\0\0\0\0\3\0>\0\1\0\0\0P\237\2\0\0\0\0\0"..., 832) = 832
12540 pread64(3, "\6\0\0\0\4\0\0\0@\0\0\0\0\0\0\0@\0\0\0\0\0\0\0@\0\0\0\0\0\0\0"..., 784, 64) = 784
12540 pread64(3, "\4\0\0\0 \0\0\0\5\0\0\0GNU\0\2\0\0\300\4\0\0\0\3\0\0\0\0\0\0\0"..., 48, 848) = 48
12540 pread64(3, "\4\0\0\0\24\0\0\0\3\0\0\0GNU\0i8\235HZ\227\223\333\350s\360\352,\223\340."..., 68, 896) = 68
12540 newfstatat(3, "", {st_mode=S_IFREG|0644, st_size=2216304, ...}, AT_EMPTY_PATH) = 0
12540 pread64(3, "\6\0\0\0\4\0\0\0@\0\0\0\0\0\0\0@\0\0\0\0\0\0\0@\0\0\0\0\0\0\0"..., 784, 64) = 784
12540 mmap(NULL, 2260560, PROT_READ, MAP_PRIVATE|MAP_DENYWRITE, 3, 0) = 0x7feffaabd000
12540 mmap(0x7feffaae5000, 1658880, PROT_READ|PROT_EXEC, MAP_PRIVATE|MAP_FIXED|MAP_DENYWRITE, 3, 0x28000) = 0x7feffaae5000
12540 mmap(0x7feffac7a000, 360448, PROT_READ, MAP_PRIVATE|MAP_FIXED|MAP_DENYWRITE, 3, 0x1bd000) = 0x7feffac7a000
12540 mmap(0x7feffacd2000, 24576, PROT_READ|PROT_WRITE, MAP_PRIVATE|MAP_FIXED|MAP_DENYWRITE, 3, 0x214000) = 0x7feffacd2000
12540 mmap(0x7feffacd8000, 52816, PROT_READ|PROT_WRITE, MAP_PRIVATE|MAP_FIXED|MAP_ANONYMOUS, -1, 0) = 0x7feffacd8000
12540 close(3)                          = 0
12540 mmap(NULL, 12288, PROT_READ|PROT_WRITE, MAP_PRIVATE|MAP_ANONYMOUS, -1, 0) = 0x7feffaaba000
12540 arch_prctl(ARCH_SET_FS, 0x7feffaaba740) = 0
12540 set_tid_address(0x7feffaabaa10)   = 12540
12540 set_robust_list(0x7feffaabaa20, 24) = 0
12540 rseq(0x7feffaabb0e0, 0x20, 0, 0x53053053) = 0
12540 mprotect(0x7feffacd2000, 16384, PROT_READ) = 0
12540 mprotect(0x55a892f60000, 8192, PROT_READ) = 0
12540 mprotect(0x7feffad28000, 8192, PROT_READ) = 0
12540 prlimit64(0, RLIMIT_STACK, NULL, {rlim_cur=8192*1024, rlim_max=RLIM64_INFINITY}) = 0
12540 munmap(0x7fefface5000, 36235)     = 0
12540 getuid()                          = 1000
12540 getgid()                          = 1000
12540 getpid()                          = 12540
12540 rt_sigaction(SIGCHLD, {sa_handler=0x55a892f56aa0, sa_mask=~[RTMIN RT_1], sa_flags=SA_RESTORER, sa_restorer=0x7feffaaff520}, NULL, 8) = 0
12540 geteuid()                         = 1000
12540 getrandom("\x0a\x77\xe0\xc3\xc5\xf5\x3c\xa1", 8, GRND_NONBLOCK) = 8
12540 brk(NULL)                         = 0x55a8947ec000
12540 brk(0x55a89480d000)               = 0x55a89480d000
12540 getppid()                         = 12537
12540 newfstatat(AT_FDCWD, "/home/caoboxi/github/mg-os/demo/7", {st_mode=S_IFDIR|0755, st_size=4096, ...}, 0) = 0
12540 newfstatat(AT_FDCWD, ".", {st_mode=S_IFDIR|0755, st_size=4096, ...}, 0) = 0
12540 ioctl(0, TCGETS, {B38400 opost isig icanon echo ...}) = 0
12540 ioctl(1, TCGETS, {B38400 opost isig icanon echo ...}) = 0
12540 geteuid()                         = 1000
12540 getegid()                         = 1000
12540 rt_sigaction(SIGINT, NULL, {sa_handler=SIG_DFL, sa_mask=[], sa_flags=0}, 8) = 0
12540 rt_sigaction(SIGINT, {sa_handler=0x55a892f56aa0, sa_mask=~[RTMIN RT_1], sa_flags=SA_RESTORER, sa_restorer=0x7feffaaff520}, NULL, 8) = 0
12540 rt_sigaction(SIGQUIT, NULL, {sa_handler=SIG_DFL, sa_mask=[], sa_flags=0}, 8) = 0
12540 rt_sigaction(SIGQUIT, {sa_handler=SIG_IGN, sa_mask=~[RTMIN RT_1], sa_flags=SA_RESTORER, sa_restorer=0x7feffaaff520}, NULL, 8) = 0
12540 rt_sigaction(SIGTERM, NULL, {sa_handler=SIG_DFL, sa_mask=[], sa_flags=0}, 8) = 0
12540 rt_sigaction(SIGTERM, {sa_handler=SIG_IGN, sa_mask=~[RTMIN RT_1], sa_flags=SA_RESTORER, sa_restorer=0x7feffaaff520}, NULL, 8) = 0
12540 openat(AT_FDCWD, "/dev/tty", O_RDWR) = 3
12540 fcntl(3, F_DUPFD, 10)             = 10
12540 close(3)                          = 0
12540 fcntl(10, F_SETFD, FD_CLOEXEC)    = 0
12540 ioctl(10, TIOCGPGRP, [12537])     = 0
12540 getpgrp()                         = 12537
12540 rt_sigaction(SIGTSTP, NULL, {sa_handler=SIG_DFL, sa_mask=[], sa_flags=0}, 8) = 0
12540 rt_sigaction(SIGTSTP, {sa_handler=SIG_IGN, sa_mask=~[RTMIN RT_1], sa_flags=SA_RESTORER, sa_restorer=0x7feffaaff520}, NULL, 8) = 0
12540 rt_sigaction(SIGTTOU, NULL, {sa_handler=SIG_DFL, sa_mask=[], sa_flags=0}, 8) = 0
12540 rt_sigaction(SIGTTOU, {sa_handler=SIG_IGN, sa_mask=~[RTMIN RT_1], sa_flags=SA_RESTORER, sa_restorer=0x7feffaaff520}, NULL, 8) = 0
12540 rt_sigaction(SIGTTIN, NULL, {sa_handler=SIG_DFL, sa_mask=[], sa_flags=0}, 8) = 0
12540 rt_sigaction(SIGTTIN, {sa_handler=SIG_DFL, sa_mask=~[RTMIN RT_1], sa_flags=SA_RESTORER, sa_restorer=0x7feffaaff520}, NULL, 8) = 0
12540 setpgid(0, 12540)                 = 0
12540 rt_sigprocmask(SIG_SETMASK, ~[RTMIN RT_1], NULL, 8) = 0
12540 ioctl(10, TIOCSPGRP, [12540])     = 0
12540 rt_sigprocmask(SIG_SETMASK, [], ~[KILL STOP RTMIN RT_1], 8) = 0
12540 write(2, "$ ", 2)                 = 2
12540 read(0, "echo a;echo b\n", 8192)  = 14
12540 write(1, "a\n", 2)                = 2
12540 write(1, "b\n", 2)                = 2
12540 write(2, "$ ", 2)                 = 2
12540 read(0, 0x55a892f62cc0, 8192)     = ? ERESTARTSYS (To be restarted if SA_RESTART is set)
12540 --- SIGINT {si_signo=SIGINT, si_code=SI_KERNEL} ---
12540 rt_sigprocmask(SIG_SETMASK, [], ~[KILL STOP RTMIN RT_1], 8) = 0
12540 write(2, "\n", 1)                 = 1
12540 write(2, "$ ", 2)                 = 2
12540 read(0, "exit\n", 8192)           = 5
12540 rt_sigprocmask(SIG_SETMASK, ~[RTMIN RT_1], NULL, 8) = 0
12540 ioctl(10, TIOCSPGRP, [12537])     = 0
12540 rt_sigprocmask(SIG_SETMASK, [], ~[KILL STOP RTMIN RT_1], 8) = 0
12540 setpgid(0, 12537)                 = 0
12540 close(10)                         = 0
12540 exit_group(130)                   = ?
12540 +++ exited with 130 +++
